<?xml version="1.0" encoding="UTF-8"?>
<!-- Generated by org.testng.reporters.JUnitReportReporter -->
<testsuite hostname="DESKTOP-3D4B5NI" failures="0" tests="2" name="PractiseTestNG.TestClass" time="0.052" errors="0" timestamp="2024-05-28T09:50:13 IST" skipped="0">
  <testcase classname="PractiseTestNG.TestClass" name="test" time="0.046"/>
  <testcase classname="PractiseTestNG.TestClass" name="test1" time="0.006"/>
</testsuite> <!-- PractiseTestNG.TestClass -->
