<?xml version="1.0" encoding="UTF-8"?>
<!-- Generated by org.testng.reporters.JUnitReportReporter -->
<testsuite hostname="DESKTOP-3D4B5NI" failures="0" tests="3" name="PractiseTestNG.DataProviderPractise" time="9.524" errors="0" timestamp="2024-05-30T07:46:27 IST" skipped="0">
  <testcase classname="PractiseTestNG.DataProviderPractise" name="testlogin" time="2.851"/>
  <testcase classname="PractiseTestNG.DataProviderPractise" name="testlogin" time="2.835"/>
  <testcase classname="PractiseTestNG.DataProviderPractise" name="testlogin" time="3.838"/>
</testsuite> <!-- PractiseTestNG.DataProviderPractise -->
