<?xml version="1.0" encoding="UTF-8"?>
<!-- Generated by org.testng.reporters.JUnitReportReporter -->
<testsuite hostname="DESKTOP-3D4B5NI" failures="0" tests="3" name="PractiseTestNG.LogoutTest" time="0.010" errors="0" timestamp="2024-05-29T07:47:42 IST" skipped="0">
  <testcase classname="PractiseTestNG.LogoutTest" name="logoutByInsta" time="0.004"/>
  <testcase classname="PractiseTestNG.LogoutTest" name="logoutByFacbook" time="0.002"/>
  <testcase classname="PractiseTestNG.LogoutTest" name="logoutByEmail" time="0.004"/>
</testsuite> <!-- PractiseTestNG.LogoutTest -->
