<?xml version="1.0" encoding="UTF-8"?>
<!-- Generated by org.testng.reporters.JUnitReportReporter -->
<testsuite hostname="DESKTOP-3D4B5NI" failures="0" tests="1" name="PageObjectModel.LoginTest" time="1.968" errors="0" timestamp="2024-06-01T10:11:46 IST" skipped="0">
  <testcase classname="PageObjectModel.LoginTest" name="testLogin" time="1.968"/>
</testsuite> <!-- PageObjectModel.LoginTest -->
