<?xml version="1.0" encoding="UTF-8"?>
<!-- Generated by org.testng.reporters.JUnitReportReporter -->
<testsuite hostname="DESKTOP-3D4B5NI" failures="0" tests="2" name="PractiseTestNG.PaymentInOption" time="0.010" errors="0" timestamp="2024-05-29T07:56:18 IST" skipped="0">
  <testcase classname="PractiseTestNG.PaymentInOption" name="paymentByUpi" time="0.005"/>
  <testcase classname="PractiseTestNG.PaymentInOption" name="paymentByGooglePay" time="0.005"/>
</testsuite> <!-- PractiseTestNG.PaymentInOption -->
