<?xml version="1.0" encoding="UTF-8"?>
<!-- Generated by org.testng.reporters.JUnitReportReporter -->
<testsuite hostname="DESKTOP-3D4B5NI" failures="0" tests="3" name="PractiseTestNG.LoginTest" time="0.031" errors="0" timestamp="2024-05-29T07:59:19 IST" skipped="0">
  <testcase classname="PractiseTestNG.LoginTest" name="loginByEmail" time="0.019"/>
  <testcase classname="PractiseTestNG.LoginTest" name="loginByFacebook" time="0.006"/>
  <testcase classname="PractiseTestNG.LoginTest" name="loginByInsta" time="0.006"/>
</testsuite> <!-- PractiseTestNG.LoginTest -->
