<?xml version="1.0" encoding="UTF-8"?>
<!-- Generated by org.testng.reporters.JUnitReportReporter -->
<testsuite hostname="DESKTOP-3D4B5NI" failures="0" tests="1" name="package1.sumValidation" time="2.381" errors="0" timestamp="2024-03-15T08:19:14 IST" skipped="0">
  <testcase classname="package1.sumValidation" name="sumOfCourses" time="2.381"/>
</testsuite> <!-- package1.sumValidation -->
