<?xml version="1.0" encoding="UTF-8"?>
<!-- Generated by org.testng.reporters.JUnitReportReporter -->
<testsuite hostname="DESKTOP-3D4B5NI" failures="0" tests="2" name="Class2" time="0.024" errors="0" timestamp="2023-10-08T10:29:45 IST" skipped="0">
  <testcase classname="Class2" name="Guru" time="0.005"/>
  <testcase classname="Class2" name="Mahadev" time="0.019"/>
</testsuite> <!-- Class2 -->
