<?xml version="1.0" encoding="UTF-8"?>
<!-- Generated by org.testng.reporters.JUnitReportReporter -->
<testsuite hostname="DESKTOP-3D4B5NI" failures="0" tests="2" name="TestNG.Class2" time="0.010" errors="0" timestamp="2023-10-11T10:33:32 IST" skipped="0">
  <testcase classname="TestNG.Class2" name="Mahadev" time="0.004"/>
  <testcase classname="TestNG.Class2" name="Guru" time="0.006"/>
</testsuite> <!-- TestNG.Class2 -->
