<?xml version="1.0" encoding="UTF-8"?>
<!-- Generated by org.testng.reporters.JUnitReportReporter -->
<testsuite hostname="DESKTOP-3D4B5NI" failures="0" tests="1" name="TestNG.StandAloneTest" time="68.464" errors="0" timestamp="2023-11-02T09:32:10 IST" skipped="0">
  <testcase classname="TestNG.StandAloneTest" name="StandAloneTest" time="68.464"/>
</testsuite> <!-- TestNG.StandAloneTest -->
