<?xml version="1.0" encoding="UTF-8"?>
<!-- Generated by org.testng.reporters.JUnitReportReporter -->
<testsuite hostname="DESKTOP-3D4B5NI" failures="0" tests="1" name="TestNG.Class4" time="0.017" errors="0" timestamp="2023-10-12T10:04:02 IST" skipped="0">
  <testcase classname="TestNG.Class4" name="testRun" time="0.017"/>
</testsuite> <!-- TestNG.Class4 -->
